Build started 20/10/2015 20:50:51.
     1>Project "C:\Users\Daniel\dev\MovOnLanguage\src\MovOnLanguage.vcxproj" on node 2 (Build target(s)).
     1>ClCompile:
         F:\Visual Studio\VC\bin\CL.exe /c /Zi /nologo /W3 /WX- /Od /Oy- /D WIN32 /D _DEBUG /D _WINDOWS /Gm /EHsc /RTC1 /MDd /GS /fp:precise /Zc:wchar_t /Zc:forScope /Fo"Debug\\" /Fd"Debug\vc120.pdb" /Gd /TP /analyze- /errorReport:prompt Parser.cpp
         Parser.cpp
     1>Parser.cpp(93): warning C4018: '<' : signed/unsigned mismatch
     1>Parser.cpp(116): warning C4018: '<' : signed/unsigned mismatch
       Link:
         F:\Visual Studio\VC\bin\link.exe /ERRORREPORT:PROMPT /OUT:"C:\Users\Daniel\dev\MovOnLanguage\src\Debug\MovOnLanguage.exe" /INCREMENTAL /NOLOGO kernel32.lib user32.lib gdi32.lib winspool.lib comdlg32.lib advapi32.lib shell32.lib ole32.lib oleaut32.lib uuid.lib odbc32.lib odbccp32.lib /MANIFEST /MANIFESTUAC:"level='asInvoker' uiAccess='false'" /manifest:embed /DEBUG /PDB:"C:\Users\Daniel\dev\MovOnLanguage\src\Debug\MovOnLanguage.pdb" /SUBSYSTEM:CONSOLE /TLBID:1 /DYNAMICBASE /NXCOMPAT /IMPLIB:"C:\Users\Daniel\dev\MovOnLanguage\src\Debug\MovOnLanguage.lib" /MACHINE:X86 Debug\Errors.obj
         Debug\Lexer.obj
         Debug\main.obj
         Debug\Node.obj
         Debug\Parser.obj
         Debug\Streamer.obj
         Debug\Tok.obj
         Debug\TokStreamer.obj
         MovOnLanguage.vcxproj -> C:\Users\Daniel\dev\MovOnLanguage\src\Debug\MovOnLanguage.exe
     1>Done Building Project "C:\Users\Daniel\dev\MovOnLanguage\src\MovOnLanguage.vcxproj" (Build target(s)).

Build succeeded.

Time Elapsed 00:00:01.30
