Build started 10/16/2015 11:02:53 PM.
     1>Project "C:\Users\RoyChuChun\Documents\GitHub\MovOnLanguage\src\MovOnLanguage.vcxproj" on node 2 (Build target(s)).
     1>ClCompile:
         C:\Program Files (x86)\Microsoft Visual Studio 12.0\VC\bin\CL.exe /c /Zi /nologo /W3 /WX- /O2 /Oy- /D WIN32 /D NDEBUG /D _WINDOWS /Gm- /EHsc /MD /GS /fp:precise /Zc:wchar_t /Zc:forScope /Fo"Release\\" /Fd"Release\vc120.pdb" /Gd /TP /analyze- /errorReport:prompt Lexer.cpp Parser.cpp main.cpp
         Lexer.cpp
     1>Lexer.cpp(16): warning C4018: '<' : signed/unsigned mismatch
     1>Lexer.cpp(20): warning C4018: '<' : signed/unsigned mismatch
         Parser.cpp
         main.cpp
         Generating Code...
     1>c:\users\roychuchun\documents\github\movonlanguage\src\lexer.cpp(136): warning C4715: 'Lexer::tokTypeToString' : not all control paths return a value
       Link:
         C:\Program Files (x86)\Microsoft Visual Studio 12.0\VC\bin\link.exe /ERRORREPORT:PROMPT /OUT:"C:\Users\RoyChuChun\Documents\GitHub\MovOnLanguage\src\Release\MovOnLanguage.exe" /INCREMENTAL /NOLOGO kernel32.lib user32.lib gdi32.lib winspool.lib comdlg32.lib advapi32.lib shell32.lib ole32.lib oleaut32.lib uuid.lib odbc32.lib odbccp32.lib /MANIFEST /MANIFESTUAC:"level='asInvoker' uiAccess='false'" /manifest:embed /DEBUG /PDB:"C:\Users\RoyChuChun\Documents\GitHub\MovOnLanguage\src\Release\MovOnLanguage.pdb" /SUBSYSTEM:CONSOLE /OPT:REF /OPT:ICF /TLBID:1 /DYNAMICBASE /NXCOMPAT /IMPLIB:"C:\Users\RoyChuChun\Documents\GitHub\MovOnLanguage\src\Release\MovOnLanguage.lib" /MACHINE:X86 /SAFESEH Release\Errors.obj
         Release\Lexer.obj
         Release\main.obj
         Release\Node.obj
         Release\Parser.obj
         Release\Streamer.obj
         Release\Tok.obj
         Release\TokStreamer.obj
     1>LINK : warning LNK4075: ignoring '/INCREMENTAL' due to '/OPT:ICF' specification
         MovOnLanguage.vcxproj -> C:\Users\RoyChuChun\Documents\GitHub\MovOnLanguage\src\Release\MovOnLanguage.exe
     1>Done Building Project "C:\Users\RoyChuChun\Documents\GitHub\MovOnLanguage\src\MovOnLanguage.vcxproj" (Build target(s)).

Build succeeded.

Time Elapsed 00:00:02.13
